<?xml version="1.0" encoding="UTF-8"?>
<!-- Generated by org.testng.reporters.JUnitXMLReporter -->
<testsuite hostname="Meghana-PC" ignored="0" name="Test" tests="4" failures="0" timestamp="25 Sep 2018 06:31:19 GMT" time="25.939" errors="0">
  <testcase name="testA" time="1.475" classname="script.TestDemo"/>
  <testcase name="testA" time="0.003" classname="script.DemoA"/>
  <testcase name="testB" time="0.002" classname="script.DemoA"/>
  <testcase name="test2" time="0.003" classname="script.TestDemo2"/>
</testsuite> <!-- Test -->
